[debug] [2023-10-16T21:27:34.820Z] ----------------------------------------------------------------------
[debug] [2023-10-16T21:27:34.822Z] Command:       C:\Program Files\nodejs\node.exe C:\Users\YVAN\AppData\Roaming\npm\node_modules\firebase-tools\lib\bin\firebase.js init
[debug] [2023-10-16T21:27:34.822Z] CLI Version:   12.7.0
[debug] [2023-10-16T21:27:34.822Z] Platform:      win32
[debug] [2023-10-16T21:27:34.822Z] Node Version:  v18.12.1
[debug] [2023-10-16T21:27:34.823Z] Time:          Mon Oct 16 2023 23:27:34 GMT+0200 (heure d’été d’Europe centrale)
[debug] [2023-10-16T21:27:34.823Z] ----------------------------------------------------------------------
[debug] 
[debug] [2023-10-16T21:27:34.830Z] > command requires scopes: ["email","openid","https://www.googleapis.com/auth/cloudplatformprojects.readonly","https://www.googleapis.com/auth/firebase","https://www.googleapis.com/auth/cloud-platform"]
[debug] [2023-10-16T21:27:34.830Z] > authorizing via signed-in user (hunterjul007@gmail.com)
[info] 
     ######## #### ########  ######## ########     ###     ######  ########
     ##        ##  ##     ## ##       ##     ##  ##   ##  ##       ##
     ######    ##  ########  ######   ########  #########  ######  ######
     ##        ##  ##    ##  ##       ##     ## ##     ##       ## ##
     ##       #### ##     ## ######## ########  ##     ##  ######  ########

You're about to initialize a Firebase project in this directory:

  C:\Users\YVAN\Downloads\Compressed\open-react-template-master_2\open-react-template-master

[debug] [2023-10-16T21:27:41.459Z] ----------------------------------------------------------------------
[debug] [2023-10-16T21:27:41.462Z] Command:       C:\Program Files\nodejs\node.exe C:\Users\YVAN\AppData\Roaming\npm\node_modules\firebase-tools\lib\bin\firebase.js login
[debug] [2023-10-16T21:27:41.462Z] CLI Version:   12.7.0
[debug] [2023-10-16T21:27:41.463Z] Platform:      win32
[debug] [2023-10-16T21:27:41.463Z] Node Version:  v18.12.1
[debug] [2023-10-16T21:27:41.464Z] Time:          Mon Oct 16 2023 23:27:41 GMT+0200 (heure d’été d’Europe centrale)
[debug] [2023-10-16T21:27:41.465Z] ----------------------------------------------------------------------
[debug] 
[info] Already logged in as hunterjul007@gmail.com
[debug] [2023-10-16T21:27:51.528Z] Error: Timed out.
    at Timeout._onTimeout (C:\Users\YVAN\AppData\Roaming\npm\node_modules\firebase-tools\lib\utils.js:254:49)
    at listOnTimeout (node:internal/timers:564:17)
    at process.processTimers (node:internal/timers:507:7)
[error] 
[error] Error: An unexpected error has occurred.
[debug] [2023-10-16T21:29:15.122Z] ----------------------------------------------------------------------
[debug] [2023-10-16T21:29:15.124Z] Command:       C:\Program Files\nodejs\node.exe C:\Users\YVAN\AppData\Roaming\npm\node_modules\firebase-tools\lib\bin\firebase.js init
[debug] [2023-10-16T21:29:15.125Z] CLI Version:   12.7.0
[debug] [2023-10-16T21:29:15.125Z] Platform:      win32
[debug] [2023-10-16T21:29:15.125Z] Node Version:  v18.12.1
[debug] [2023-10-16T21:29:15.126Z] Time:          Mon Oct 16 2023 23:29:15 GMT+0200 (heure d’été d’Europe centrale)
[debug] [2023-10-16T21:29:15.126Z] ----------------------------------------------------------------------
[debug] 
[debug] [2023-10-16T21:29:15.136Z] > command requires scopes: ["email","openid","https://www.googleapis.com/auth/cloudplatformprojects.readonly","https://www.googleapis.com/auth/firebase","https://www.googleapis.com/auth/cloud-platform"]
[debug] [2023-10-16T21:29:15.136Z] > authorizing via signed-in user (hunterjul007@gmail.com)
[info] 
     ######## #### ########  ######## ########     ###     ######  ########
     ##        ##  ##     ## ##       ##     ##  ##   ##  ##       ##
     ######    ##  ########  ######   ########  #########  ######  ######
     ##        ##  ##    ##  ##       ##     ## ##     ##       ## ##
     ##       #### ##     ## ######## ########  ##     ##  ######  ########

You're about to initialize a Firebase project in this directory:

  C:\Users\YVAN\Downloads\Compressed\open-react-template-master_2\open-react-template-master

[info] 
=== Project Setup
[info] 
[info] First, let's associate this project directory with a Firebase project.
[info] You can create multiple project aliases by running firebase use --add, 
[info] but for now we'll just set up a default project.
[info] 
[debug] [2023-10-16T21:29:24.796Z] > refreshing access token with scopes: []
[debug] [2023-10-16T21:29:24.799Z] >>> [apiv2][query] POST https://www.googleapis.com/oauth2/v3/token [none]
[debug] [2023-10-16T21:29:24.799Z] >>> [apiv2][body] POST https://www.googleapis.com/oauth2/v3/token [omitted]
[debug] [2023-10-16T21:29:29.739Z] <<< [apiv2][status] POST https://www.googleapis.com/oauth2/v3/token 400
[debug] [2023-10-16T21:29:29.740Z] <<< [apiv2][body] POST https://www.googleapis.com/oauth2/v3/token [omitted]
[debug] [2023-10-16T21:29:29.743Z] >>> [apiv2][query] GET https://firebase.googleapis.com/v1beta1/projects pageSize=100
[debug] [2023-10-16T21:29:47.976Z] <<< [apiv2][status] GET https://firebase.googleapis.com/v1beta1/projects 401
[debug] [2023-10-16T21:29:47.976Z] <<< [apiv2][body] GET https://firebase.googleapis.com/v1beta1/projects [omitted]
[debug] [2023-10-16T21:29:47.976Z] HTTP Error: 401, Request had invalid authentication credentials. Expected OAuth 2 access token, login cookie or other valid authentication credential. See https://developers.google.com/identity/sign-in/web/devconsole-project.
[debug] [2023-10-16T21:29:48.699Z] FirebaseError: HTTP Error: 401, Request had invalid authentication credentials. Expected OAuth 2 access token, login cookie or other valid authentication credential. See https://developers.google.com/identity/sign-in/web/devconsole-project.
    at responseToError (C:\Users\YVAN\AppData\Roaming\npm\node_modules\firebase-tools\lib\responseToError.js:49:12)
    at RetryOperation._fn (C:\Users\YVAN\AppData\Roaming\npm\node_modules\firebase-tools\lib\apiv2.js:285:77)
    at process.processTicksAndRejections (node:internal/process/task_queues:95:5)
[error] 
[error] Error: Failed to list Firebase projects. See firebase-debug.log for more info.
[debug] [2023-10-16T21:29:59.009Z] ----------------------------------------------------------------------
[debug] [2023-10-16T21:29:59.010Z] Command:       C:\Program Files\nodejs\node.exe C:\Users\YVAN\AppData\Roaming\npm\node_modules\firebase-tools\lib\bin\firebase.js init
[debug] [2023-10-16T21:29:59.011Z] CLI Version:   12.7.0
[debug] [2023-10-16T21:29:59.011Z] Platform:      win32
[debug] [2023-10-16T21:29:59.011Z] Node Version:  v18.12.1
[debug] [2023-10-16T21:29:59.012Z] Time:          Mon Oct 16 2023 23:29:59 GMT+0200 (heure d’été d’Europe centrale)
[debug] [2023-10-16T21:29:59.012Z] ----------------------------------------------------------------------
[debug] 
[debug] [2023-10-16T21:29:59.019Z] > command requires scopes: ["email","openid","https://www.googleapis.com/auth/cloudplatformprojects.readonly","https://www.googleapis.com/auth/firebase","https://www.googleapis.com/auth/cloud-platform"]
[debug] [2023-10-16T21:29:59.019Z] > authorizing via signed-in user (hunterjul007@gmail.com)
[info] 
     ######## #### ########  ######## ########     ###     ######  ########
     ##        ##  ##     ## ##       ##     ##  ##   ##  ##       ##
     ######    ##  ########  ######   ########  #########  ######  ######
     ##        ##  ##    ##  ##       ##     ## ##     ##       ## ##
     ##       #### ##     ## ######## ########  ##     ##  ######  ########

You're about to initialize a Firebase project in this directory:

  C:\Users\YVAN\Downloads\Compressed\open-react-template-master_2\open-react-template-master

[debug] [2023-10-16T21:30:12.786Z] ----------------------------------------------------------------------
[debug] [2023-10-16T21:30:12.789Z] Command:       C:\Program Files\nodejs\node.exe C:\Users\YVAN\AppData\Roaming\npm\node_modules\firebase-tools\lib\bin\firebase.js init
[debug] [2023-10-16T21:30:12.790Z] CLI Version:   12.7.0
[debug] [2023-10-16T21:30:12.791Z] Platform:      win32
[debug] [2023-10-16T21:30:12.791Z] Node Version:  v18.12.1
[debug] [2023-10-16T21:30:12.792Z] Time:          Mon Oct 16 2023 23:30:12 GMT+0200 (heure d’été d’Europe centrale)
[debug] [2023-10-16T21:30:12.792Z] ----------------------------------------------------------------------
[debug] 
[debug] [2023-10-16T21:30:12.802Z] > command requires scopes: ["email","openid","https://www.googleapis.com/auth/cloudplatformprojects.readonly","https://www.googleapis.com/auth/firebase","https://www.googleapis.com/auth/cloud-platform"]
[debug] [2023-10-16T21:30:12.802Z] > authorizing via signed-in user (hunterjul007@gmail.com)
[info] 
     ######## #### ########  ######## ########     ###     ######  ########
     ##        ##  ##     ## ##       ##     ##  ##   ##  ##       ##
     ######    ##  ########  ######   ########  #########  ######  ######
     ##        ##  ##    ##  ##       ##     ## ##     ##       ## ##
     ##       #### ##     ## ######## ########  ##     ##  ######  ########

You're about to initialize a Firebase project in this directory:

  C:\Users\YVAN\Downloads\Compressed\open-react-template-master_2\open-react-template-master

[info] 
=== Project Setup
[info] 
[info] First, let's associate this project directory with a Firebase project.
[info] You can create multiple project aliases by running firebase use --add, 
[info] but for now we'll just set up a default project.
[info] 
[info] i  If you want to create a project in a Google Cloud organization or folder, please use "firebase projects:create" instead, and return to this command when you've created the project. 
[debug] [2023-10-16T21:30:27.762Z] > refreshing access token with scopes: []
[debug] [2023-10-16T21:30:27.764Z] >>> [apiv2][query] POST https://www.googleapis.com/oauth2/v3/token [none]
[debug] [2023-10-16T21:30:27.764Z] >>> [apiv2][body] POST https://www.googleapis.com/oauth2/v3/token [omitted]
[debug] [2023-10-16T21:30:38.055Z] <<< [apiv2][status] POST https://www.googleapis.com/oauth2/v3/token 400
[debug] [2023-10-16T21:30:38.055Z] <<< [apiv2][body] POST https://www.googleapis.com/oauth2/v3/token [omitted]
[debug] [2023-10-16T21:30:38.056Z] >>> [apiv2][query] POST https://cloudresourcemanager.googleapis.com/v1/projects [none]
[debug] [2023-10-16T21:30:38.056Z] >>> [apiv2][body] POST https://cloudresourcemanager.googleapis.com/v1/projects {"projectId":"bigbang","name":"bigbang"}
[debug] [2023-10-16T21:30:49.312Z] *** [apiv2] error from fetch(https://cloudresourcemanager.googleapis.com/v1/projects, {"headers":{},"method":"POST","signal":{},"body":"{\"projectId\":\"bigbang\",\"name\":\"bigbang\"}"}): FetchError: request to https://cloudresourcemanager.googleapis.com/v1/projects failed, reason: getaddrinfo ENOTFOUND cloudresourcemanager.googleapis.com
[debug] [2023-10-16T21:30:54.333Z] Error: Timed out.
    at Timeout._onTimeout (C:\Users\YVAN\AppData\Roaming\npm\node_modules\firebase-tools\lib\utils.js:254:49)
    at listOnTimeout (node:internal/timers:564:17)
    at process.processTimers (node:internal/timers:507:7)
[error] 
[error] Error: An unexpected error has occurred.
[debug] [2023-10-16T21:31:42.225Z] ----------------------------------------------------------------------
[debug] [2023-10-16T21:31:42.227Z] Command:       C:\Program Files\nodejs\node.exe C:\Users\YVAN\AppData\Roaming\npm\node_modules\firebase-tools\lib\bin\firebase.js init
[debug] [2023-10-16T21:31:42.228Z] CLI Version:   12.7.0
[debug] [2023-10-16T21:31:42.228Z] Platform:      win32
[debug] [2023-10-16T21:31:42.228Z] Node Version:  v18.12.1
[debug] [2023-10-16T21:31:42.229Z] Time:          Mon Oct 16 2023 23:31:42 GMT+0200 (heure d’été d’Europe centrale)
[debug] [2023-10-16T21:31:42.229Z] ----------------------------------------------------------------------
[debug] 
[debug] [2023-10-16T21:31:42.237Z] > command requires scopes: ["email","openid","https://www.googleapis.com/auth/cloudplatformprojects.readonly","https://www.googleapis.com/auth/firebase","https://www.googleapis.com/auth/cloud-platform"]
[debug] [2023-10-16T21:31:42.238Z] > authorizing via signed-in user (hunterjul007@gmail.com)
[info] 
     ######## #### ########  ######## ########     ###     ######  ########
     ##        ##  ##     ## ##       ##     ##  ##   ##  ##       ##
     ######    ##  ########  ######   ########  #########  ######  ######
     ##        ##  ##    ##  ##       ##     ## ##     ##       ## ##
     ##       #### ##     ## ######## ########  ##     ##  ######  ########

You're about to initialize a Firebase project in this directory:

  C:\Users\YVAN\Downloads\Compressed\open-react-template-master_2\open-react-template-master

[info] 
=== Project Setup
[info] 
[info] First, let's associate this project directory with a Firebase project.
[info] You can create multiple project aliases by running firebase use --add, 
[info] but for now we'll just set up a default project.
[info] 
[info] i  If you want to create a project in a Google Cloud organization or folder, please use "firebase projects:create" instead, and return to this command when you've created the project. 
[debug] [2023-10-16T21:32:03.752Z] > refreshing access token with scopes: []
[debug] [2023-10-16T21:32:03.754Z] >>> [apiv2][query] POST https://www.googleapis.com/oauth2/v3/token [none]
[debug] [2023-10-16T21:32:03.755Z] >>> [apiv2][body] POST https://www.googleapis.com/oauth2/v3/token [omitted]
[debug] [2023-10-16T21:32:24.827Z] *** [apiv2] error from fetch(https://www.googleapis.com/oauth2/v3/token, {"headers":{},"method":"POST","body":{"_overheadLength":545,"_valueLength":211,"_valuesToMeasure":[],"writable":false,"readable":true,"dataSize":0,"maxDataSize":2097152,"pauseStreams":true,"_released":true,"_streams":[],"_currentStream":null,"_insideLoop":false,"_pendingNext":false,"_boundary":"--------------------------769179026768944575127301","_events":{},"_eventsCount":1}}): FetchError: request to https://www.googleapis.com/oauth2/v3/token failed, reason: connect ETIMEDOUT 142.250.179.138:443
[debug] [2023-10-16T21:32:29.842Z] Error: Timed out.
    at Timeout._onTimeout (C:\Users\YVAN\AppData\Roaming\npm\node_modules\firebase-tools\lib\utils.js:254:49)
    at listOnTimeout (node:internal/timers:564:17)
    at process.processTimers (node:internal/timers:507:7)
[error] 
[error] Error: An unexpected error has occurred.
[debug] [2023-10-16T21:32:46.223Z] ----------------------------------------------------------------------
[debug] [2023-10-16T21:32:46.226Z] Command:       C:\Program Files\nodejs\node.exe C:\Users\YVAN\AppData\Roaming\npm\node_modules\firebase-tools\lib\bin\firebase.js init
[debug] [2023-10-16T21:32:46.227Z] CLI Version:   12.7.0
[debug] [2023-10-16T21:32:46.227Z] Platform:      win32
[debug] [2023-10-16T21:32:46.227Z] Node Version:  v18.12.1
[debug] [2023-10-16T21:32:46.229Z] Time:          Mon Oct 16 2023 23:32:46 GMT+0200 (heure d’été d’Europe centrale)
[debug] [2023-10-16T21:32:46.229Z] ----------------------------------------------------------------------
[debug] 
[debug] [2023-10-16T21:32:46.239Z] > command requires scopes: ["email","openid","https://www.googleapis.com/auth/cloudplatformprojects.readonly","https://www.googleapis.com/auth/firebase","https://www.googleapis.com/auth/cloud-platform"]
[debug] [2023-10-16T21:32:46.240Z] > authorizing via signed-in user (hunterjul007@gmail.com)
[info] 
     ######## #### ########  ######## ########     ###     ######  ########
     ##        ##  ##     ## ##       ##     ##  ##   ##  ##       ##
     ######    ##  ########  ######   ########  #########  ######  ######
     ##        ##  ##    ##  ##       ##     ## ##     ##       ## ##
     ##       #### ##     ## ######## ########  ##     ##  ######  ########

You're about to initialize a Firebase project in this directory:

  C:\Users\YVAN\Downloads\Compressed\open-react-template-master_2\open-react-template-master

[info] 
=== Project Setup
[info] 
[info] First, let's associate this project directory with a Firebase project.
[info] You can create multiple project aliases by running firebase use --add, 
[info] but for now we'll just set up a default project.
[info] 
[info] i  If you want to create a project in a Google Cloud organization or folder, please use "firebase projects:create" instead, and return to this command when you've created the project. 
[debug] [2023-10-16T21:33:04.450Z] > refreshing access token with scopes: []
[debug] [2023-10-16T21:33:04.453Z] >>> [apiv2][query] POST https://www.googleapis.com/oauth2/v3/token [none]
[debug] [2023-10-16T21:33:04.453Z] >>> [apiv2][body] POST https://www.googleapis.com/oauth2/v3/token [omitted]
[debug] [2023-10-16T21:33:05.444Z] <<< [apiv2][status] POST https://www.googleapis.com/oauth2/v3/token 400
[debug] [2023-10-16T21:33:05.444Z] <<< [apiv2][body] POST https://www.googleapis.com/oauth2/v3/token [omitted]
[debug] [2023-10-16T21:33:05.445Z] >>> [apiv2][query] POST https://cloudresourcemanager.googleapis.com/v1/projects [none]
[debug] [2023-10-16T21:33:05.445Z] >>> [apiv2][body] POST https://cloudresourcemanager.googleapis.com/v1/projects {"projectId":"bigbang","name":"*"}
[debug] [2023-10-16T21:33:06.561Z] <<< [apiv2][status] POST https://cloudresourcemanager.googleapis.com/v1/projects 401
[debug] [2023-10-16T21:33:06.562Z] <<< [apiv2][body] POST https://cloudresourcemanager.googleapis.com/v1/projects {"error":{"code":401,"message":"Request had invalid authentication credentials. Expected OAuth 2 access token, login cookie or other valid authentication credential. See https://developers.google.com/identity/sign-in/web/devconsole-project.","status":"UNAUTHENTICATED","details":[{"@type":"type.googleapis.com/google.rpc.ErrorInfo","reason":"ACCESS_TOKEN_TYPE_UNSUPPORTED","metadata":{"method":"google.cloudresourcemanager.v1.Projects.CreateProject","service":"cloudresourcemanager.googleapis.com"}}]}}
[debug] [2023-10-16T21:33:07.683Z] FirebaseError: HTTP Error: 401, Request had invalid authentication credentials. Expected OAuth 2 access token, login cookie or other valid authentication credential. See https://developers.google.com/identity/sign-in/web/devconsole-project.
    at responseToError (C:\Users\YVAN\AppData\Roaming\npm\node_modules\firebase-tools\lib\responseToError.js:49:12)
    at RetryOperation._fn (C:\Users\YVAN\AppData\Roaming\npm\node_modules\firebase-tools\lib\apiv2.js:285:77)
    at process.processTicksAndRejections (node:internal/process/task_queues:95:5)
[error] 
[error] Error: Failed to create project. See firebase-debug.log for more info.
[debug] [2023-10-16T21:33:25.214Z] ----------------------------------------------------------------------
[debug] [2023-10-16T21:33:25.216Z] Command:       C:\Program Files\nodejs\node.exe C:\Users\YVAN\AppData\Roaming\npm\node_modules\firebase-tools\lib\bin\firebase.js init
[debug] [2023-10-16T21:33:25.216Z] CLI Version:   12.7.0
[debug] [2023-10-16T21:33:25.216Z] Platform:      win32
[debug] [2023-10-16T21:33:25.216Z] Node Version:  v18.12.1
[debug] [2023-10-16T21:33:25.217Z] Time:          Mon Oct 16 2023 23:33:25 GMT+0200 (heure d’été d’Europe centrale)
[debug] [2023-10-16T21:33:25.217Z] ----------------------------------------------------------------------
[debug] 
[debug] [2023-10-16T21:33:25.224Z] > command requires scopes: ["email","openid","https://www.googleapis.com/auth/cloudplatformprojects.readonly","https://www.googleapis.com/auth/firebase","https://www.googleapis.com/auth/cloud-platform"]
[debug] [2023-10-16T21:33:25.224Z] > authorizing via signed-in user (hunterjul007@gmail.com)
[info] 
     ######## #### ########  ######## ########     ###     ######  ########
     ##        ##  ##     ## ##       ##     ##  ##   ##  ##       ##
     ######    ##  ########  ######   ########  #########  ######  ######
     ##        ##  ##    ##  ##       ##     ## ##     ##       ## ##
     ##       #### ##     ## ######## ########  ##     ##  ######  ########

You're about to initialize a Firebase project in this directory:

  C:\Users\YVAN\Downloads\Compressed\open-react-template-master_2\open-react-template-master

[info] 
=== Project Setup
[info] 
[info] First, let's associate this project directory with a Firebase project.
[info] You can create multiple project aliases by running firebase use --add, 
[info] but for now we'll just set up a default project.
[info] 
[debug] [2023-10-16T21:33:43.101Z] > refreshing access token with scopes: []
[debug] [2023-10-16T21:33:43.103Z] >>> [apiv2][query] POST https://www.googleapis.com/oauth2/v3/token [none]
[debug] [2023-10-16T21:33:43.103Z] >>> [apiv2][body] POST https://www.googleapis.com/oauth2/v3/token [omitted]
[debug] [2023-10-16T21:33:44.095Z] <<< [apiv2][status] POST https://www.googleapis.com/oauth2/v3/token 400
[debug] [2023-10-16T21:33:44.095Z] <<< [apiv2][body] POST https://www.googleapis.com/oauth2/v3/token [omitted]
[debug] [2023-10-16T21:33:44.096Z] >>> [apiv2][query] GET https://firebase.googleapis.com/v1beta1/projects pageSize=100
[debug] [2023-10-16T21:33:45.060Z] <<< [apiv2][status] GET https://firebase.googleapis.com/v1beta1/projects 401
[debug] [2023-10-16T21:33:45.061Z] <<< [apiv2][body] GET https://firebase.googleapis.com/v1beta1/projects [omitted]
[debug] [2023-10-16T21:33:45.063Z] HTTP Error: 401, Request had invalid authentication credentials. Expected OAuth 2 access token, login cookie or other valid authentication credential. See https://developers.google.com/identity/sign-in/web/devconsole-project.
[debug] [2023-10-16T21:33:45.981Z] FirebaseError: HTTP Error: 401, Request had invalid authentication credentials. Expected OAuth 2 access token, login cookie or other valid authentication credential. See https://developers.google.com/identity/sign-in/web/devconsole-project.
    at responseToError (C:\Users\YVAN\AppData\Roaming\npm\node_modules\firebase-tools\lib\responseToError.js:49:12)
    at RetryOperation._fn (C:\Users\YVAN\AppData\Roaming\npm\node_modules\firebase-tools\lib\apiv2.js:285:77)
    at process.processTicksAndRejections (node:internal/process/task_queues:95:5)
[error] 
[error] Error: Failed to list Firebase projects. See firebase-debug.log for more info.
[debug] [2023-10-16T21:33:57.701Z] ----------------------------------------------------------------------
[debug] [2023-10-16T21:33:57.704Z] Command:       C:\Program Files\nodejs\node.exe C:\Users\YVAN\AppData\Roaming\npm\node_modules\firebase-tools\lib\bin\firebase.js init
[debug] [2023-10-16T21:33:57.704Z] CLI Version:   12.7.0
[debug] [2023-10-16T21:33:57.704Z] Platform:      win32
[debug] [2023-10-16T21:33:57.705Z] Node Version:  v18.12.1
[debug] [2023-10-16T21:33:57.705Z] Time:          Mon Oct 16 2023 23:33:57 GMT+0200 (heure d’été d’Europe centrale)
[debug] [2023-10-16T21:33:57.706Z] ----------------------------------------------------------------------
[debug] 
[debug] [2023-10-16T21:33:57.715Z] > command requires scopes: ["email","openid","https://www.googleapis.com/auth/cloudplatformprojects.readonly","https://www.googleapis.com/auth/firebase","https://www.googleapis.com/auth/cloud-platform"]
[debug] [2023-10-16T21:33:57.716Z] > authorizing via signed-in user (hunterjul007@gmail.com)
[info] 
     ######## #### ########  ######## ########     ###     ######  ########
     ##        ##  ##     ## ##       ##     ##  ##   ##  ##       ##
     ######    ##  ########  ######   ########  #########  ######  ######
     ##        ##  ##    ##  ##       ##     ## ##     ##       ## ##
     ##       #### ##     ## ######## ########  ##     ##  ######  ########

You're about to initialize a Firebase project in this directory:

  C:\Users\YVAN\Downloads\Compressed\open-react-template-master_2\open-react-template-master

[info] 
=== Project Setup
[info] 
[info] First, let's associate this project directory with a Firebase project.
[info] You can create multiple project aliases by running firebase use --add, 
[info] but for now we'll just set up a default project.
[info] 
